C:\USERS\MOLLY\APPDATA\LOCAL\MICROSOFT\WINDOWS\WER\REPORTARCHIVE\APPCRASH_CL.EXE_345C152E56D68A4E1569B7CD7240BEE0A68574_00000000_6E221646\REPORT.WER
C:\Users\Molly\Documents\Visual Studio 2010\Projects\cs260winter2016lab1\cs260winter2016lab1\Debug\cl.command.1.tlog
C:\Users\Molly\Documents\Visual Studio 2010\Projects\cs260winter2016lab1\cs260winter2016lab1\Debug\CL.read.1.tlog
C:\Users\Molly\Documents\Visual Studio 2010\Projects\cs260winter2016lab1\cs260winter2016lab1\Debug\CL.write.1.tlog
C:\Users\Molly\Documents\Visual Studio 2010\Projects\cs260winter2016lab1\cs260winter2016lab1\Debug\CL-DW20.read.1.tlog
C:\Users\Molly\Documents\Visual Studio 2010\Projects\cs260winter2016lab1\cs260winter2016lab1\Debug\CL-DW20-dwwin.read.1.tlog
C:\Users\Molly\Documents\Visual Studio 2010\Projects\cs260winter2016lab1\cs260winter2016lab1\Debug\CL-DW20-dwwin.read.2.tlog
C:\Users\Molly\Documents\Visual Studio 2010\Projects\cs260winter2016lab1\cs260winter2016lab1\Debug\CL-DW20-dwwin.read.4.tlog
C:\Users\Molly\Documents\Visual Studio 2010\Projects\cs260winter2016lab1\cs260winter2016lab1\Debug\CL-DW20-dwwin.read.7.tlog
C:\Users\Molly\Documents\Visual Studio 2010\Projects\cs260winter2016lab1\cs260winter2016lab1\Debug\CL-DW20-dwwin.write.2.tlog
C:\USERS\MOLLY\DOCUMENTS\VISUAL STUDIO 2010\PROJECTS\CS260WINTER2016LAB1\CS260WINTER2016LAB1\DEBUG\CS260WINTER2016LAB1.EXE.EMBED.MANIFEST
C:\USERS\MOLLY\DOCUMENTS\VISUAL STUDIO 2010\PROJECTS\CS260WINTER2016LAB1\CS260WINTER2016LAB1\DEBUG\CS260WINTER2016LAB1.EXE.EMBED.MANIFEST.RES
C:\USERS\MOLLY\DOCUMENTS\VISUAL STUDIO 2010\PROJECTS\CS260WINTER2016LAB1\CS260WINTER2016LAB1\DEBUG\CS260WINTER2016LAB1.EXE.INTERMEDIATE.MANIFEST
C:\Users\Molly\Documents\Visual Studio 2010\Projects\cs260winter2016lab1\cs260winter2016lab1\Debug\cs260winter2016lab1.vcxprojResolveAssemblyReference.cache
C:\Users\Molly\Documents\Visual Studio 2010\Projects\cs260winter2016lab1\cs260winter2016lab1\Debug\cs260winter2016lab1.write.1.tlog
C:\Users\Molly\Documents\Visual Studio 2010\Projects\cs260winter2016lab1\cs260winter2016lab1\Debug\cs260winter2016lab1_manifest.rc
C:\USERS\MOLLY\DOCUMENTS\VISUAL STUDIO 2010\PROJECTS\CS260WINTER2016LAB1\CS260WINTER2016LAB1\DEBUG\INVENTORY.OBJ
C:\USERS\MOLLY\DOCUMENTS\VISUAL STUDIO 2010\PROJECTS\CS260WINTER2016LAB1\CS260WINTER2016LAB1\DEBUG\ITEM.OBJ
C:\Users\Molly\Documents\Visual Studio 2010\Projects\cs260winter2016lab1\cs260winter2016lab1\Debug\link.10432.read.1.tlog
C:\Users\Molly\Documents\Visual Studio 2010\Projects\cs260winter2016lab1\cs260winter2016lab1\Debug\link.10432.write.1.tlog
C:\Users\Molly\Documents\Visual Studio 2010\Projects\cs260winter2016lab1\cs260winter2016lab1\Debug\link.10432-cvtres.read.1.tlog
C:\Users\Molly\Documents\Visual Studio 2010\Projects\cs260winter2016lab1\cs260winter2016lab1\Debug\link.10432-cvtres.write.1.tlog
C:\Users\Molly\Documents\Visual Studio 2010\Projects\cs260winter2016lab1\cs260winter2016lab1\Debug\link.11224.read.1.tlog
C:\Users\Molly\Documents\Visual Studio 2010\Projects\cs260winter2016lab1\cs260winter2016lab1\Debug\link.11224.write.1.tlog
C:\Users\Molly\Documents\Visual Studio 2010\Projects\cs260winter2016lab1\cs260winter2016lab1\Debug\link.11224-cvtres.read.1.tlog
C:\Users\Molly\Documents\Visual Studio 2010\Projects\cs260winter2016lab1\cs260winter2016lab1\Debug\link.11224-cvtres.write.1.tlog
C:\Users\Molly\Documents\Visual Studio 2010\Projects\cs260winter2016lab1\cs260winter2016lab1\Debug\link.7496.read.1.tlog
C:\Users\Molly\Documents\Visual Studio 2010\Projects\cs260winter2016lab1\cs260winter2016lab1\Debug\link.7496.write.1.tlog
C:\Users\Molly\Documents\Visual Studio 2010\Projects\cs260winter2016lab1\cs260winter2016lab1\Debug\link.7496-cvtres.read.1.tlog
C:\Users\Molly\Documents\Visual Studio 2010\Projects\cs260winter2016lab1\cs260winter2016lab1\Debug\link.7496-cvtres.write.1.tlog
C:\Users\Molly\Documents\Visual Studio 2010\Projects\cs260winter2016lab1\cs260winter2016lab1\Debug\link.command.1.tlog
C:\Users\Molly\Documents\Visual Studio 2010\Projects\cs260winter2016lab1\cs260winter2016lab1\Debug\link.read.1.tlog
C:\Users\Molly\Documents\Visual Studio 2010\Projects\cs260winter2016lab1\cs260winter2016lab1\Debug\link.write.1.tlog
C:\Users\Molly\Documents\Visual Studio 2010\Projects\cs260winter2016lab1\cs260winter2016lab1\Debug\link-cvtres.read.1.tlog
C:\Users\Molly\Documents\Visual Studio 2010\Projects\cs260winter2016lab1\cs260winter2016lab1\Debug\link-cvtres.write.1.tlog
C:\USERS\MOLLY\DOCUMENTS\VISUAL STUDIO 2010\PROJECTS\CS260WINTER2016LAB1\CS260WINTER2016LAB1\DEBUG\MAIN.OBJ
C:\Users\Molly\Documents\Visual Studio 2010\Projects\cs260winter2016lab1\cs260winter2016lab1\Debug\mt.command.1.tlog
C:\Users\Molly\Documents\Visual Studio 2010\Projects\cs260winter2016lab1\cs260winter2016lab1\Debug\mt.read.1.tlog
C:\Users\Molly\Documents\Visual Studio 2010\Projects\cs260winter2016lab1\cs260winter2016lab1\Debug\mt.write.1.tlog
C:\Users\Molly\Documents\Visual Studio 2010\Projects\cs260winter2016lab1\cs260winter2016lab1\Debug\rc.command.1.tlog
C:\Users\Molly\Documents\Visual Studio 2010\Projects\cs260winter2016lab1\cs260winter2016lab1\Debug\rc.read.1.tlog
C:\Users\Molly\Documents\Visual Studio 2010\Projects\cs260winter2016lab1\cs260winter2016lab1\Debug\rc.write.1.tlog
C:\Users\Molly\Documents\Visual Studio 2010\Projects\cs260winter2016lab1\cs260winter2016lab1\Debug\vc100.idb
C:\USERS\MOLLY\DOCUMENTS\VISUAL STUDIO 2010\PROJECTS\CS260WINTER2016LAB1\CS260WINTER2016LAB1\DEBUG\VC100.PDB
C:\USERS\MOLLY\DOCUMENTS\VISUAL STUDIO 2010\PROJECTS\CS260WINTER2016LAB1\DEBUG\CS260WINTER2016LAB1.EXE
C:\USERS\MOLLY\DOCUMENTS\VISUAL STUDIO 2010\PROJECTS\CS260WINTER2016LAB1\DEBUG\CS260WINTER2016LAB1.ILK
C:\USERS\MOLLY\DOCUMENTS\VISUAL STUDIO 2010\PROJECTS\CS260WINTER2016LAB1\DEBUG\CS260WINTER2016LAB1.PDB
