C:\USERS\MOLLY\DOCUMENTS\VISUAL STUDIO 2010\PROJECTS\LAB_THREE\DEBUG\LAB_THREE.EXE
C:\USERS\MOLLY\DOCUMENTS\VISUAL STUDIO 2010\PROJECTS\LAB_THREE\DEBUG\LAB_THREE.ILK
C:\USERS\MOLLY\DOCUMENTS\VISUAL STUDIO 2010\PROJECTS\LAB_THREE\DEBUG\LAB_THREE.PDB
C:\USERS\MOLLY\DOCUMENTS\VISUAL STUDIO 2010\PROJECTS\LAB_THREE\LAB_THREE\DEBUG\CHAINNODE.OBJ
C:\Users\Molly\Documents\Visual Studio 2010\Projects\Lab_Three\Lab_Three\Debug\cl.command.1.tlog
C:\Users\Molly\Documents\Visual Studio 2010\Projects\Lab_Three\Lab_Three\Debug\CL.read.1.tlog
C:\Users\Molly\Documents\Visual Studio 2010\Projects\Lab_Three\Lab_Three\Debug\CL.write.1.tlog
C:\USERS\MOLLY\DOCUMENTS\VISUAL STUDIO 2010\PROJECTS\LAB_THREE\LAB_THREE\DEBUG\HASHTABLE.OBJ
C:\USERS\MOLLY\DOCUMENTS\VISUAL STUDIO 2010\PROJECTS\LAB_THREE\LAB_THREE\DEBUG\KEYEDITEM.OBJ
C:\USERS\MOLLY\DOCUMENTS\VISUAL STUDIO 2010\PROJECTS\LAB_THREE\LAB_THREE\DEBUG\LAB_THREE.EXE.EMBED.MANIFEST
C:\USERS\MOLLY\DOCUMENTS\VISUAL STUDIO 2010\PROJECTS\LAB_THREE\LAB_THREE\DEBUG\LAB_THREE.EXE.EMBED.MANIFEST.RES
C:\USERS\MOLLY\DOCUMENTS\VISUAL STUDIO 2010\PROJECTS\LAB_THREE\LAB_THREE\DEBUG\LAB_THREE.EXE.INTERMEDIATE.MANIFEST
C:\Users\Molly\Documents\Visual Studio 2010\Projects\Lab_Three\Lab_Three\Debug\Lab_Three.vcxprojResolveAssemblyReference.cache
C:\Users\Molly\Documents\Visual Studio 2010\Projects\Lab_Three\Lab_Three\Debug\Lab_Three.write.1.tlog
C:\Users\Molly\Documents\Visual Studio 2010\Projects\Lab_Three\Lab_Three\Debug\Lab_Three_manifest.rc
C:\Users\Molly\Documents\Visual Studio 2010\Projects\Lab_Three\Lab_Three\Debug\link.10356.read.1.tlog
C:\Users\Molly\Documents\Visual Studio 2010\Projects\Lab_Three\Lab_Three\Debug\link.10356.write.1.tlog
C:\Users\Molly\Documents\Visual Studio 2010\Projects\Lab_Three\Lab_Three\Debug\link.10356-cvtres.read.1.tlog
C:\Users\Molly\Documents\Visual Studio 2010\Projects\Lab_Three\Lab_Three\Debug\link.10356-cvtres.write.1.tlog
C:\Users\Molly\Documents\Visual Studio 2010\Projects\Lab_Three\Lab_Three\Debug\link.command.1.tlog
C:\Users\Molly\Documents\Visual Studio 2010\Projects\Lab_Three\Lab_Three\Debug\link.read.1.tlog
C:\Users\Molly\Documents\Visual Studio 2010\Projects\Lab_Three\Lab_Three\Debug\link.write.1.tlog
C:\Users\Molly\Documents\Visual Studio 2010\Projects\Lab_Three\Lab_Three\Debug\link-cvtres.read.1.tlog
C:\Users\Molly\Documents\Visual Studio 2010\Projects\Lab_Three\Lab_Three\Debug\link-cvtres.write.1.tlog
C:\USERS\MOLLY\DOCUMENTS\VISUAL STUDIO 2010\PROJECTS\LAB_THREE\LAB_THREE\DEBUG\MAIN.OBJ
C:\Users\Molly\Documents\Visual Studio 2010\Projects\Lab_Three\Lab_Three\Debug\mt.command.1.tlog
C:\Users\Molly\Documents\Visual Studio 2010\Projects\Lab_Three\Lab_Three\Debug\mt.read.1.tlog
C:\Users\Molly\Documents\Visual Studio 2010\Projects\Lab_Three\Lab_Three\Debug\mt.write.1.tlog
C:\USERS\MOLLY\DOCUMENTS\VISUAL STUDIO 2010\PROJECTS\LAB_THREE\LAB_THREE\DEBUG\PLAYER.OBJ
C:\USERS\MOLLY\DOCUMENTS\VISUAL STUDIO 2010\PROJECTS\LAB_THREE\LAB_THREE\DEBUG\PLAYERDB.OBJ
C:\Users\Molly\Documents\Visual Studio 2010\Projects\Lab_Three\Lab_Three\Debug\rc.command.1.tlog
C:\Users\Molly\Documents\Visual Studio 2010\Projects\Lab_Three\Lab_Three\Debug\rc.read.1.tlog
C:\Users\Molly\Documents\Visual Studio 2010\Projects\Lab_Three\Lab_Three\Debug\rc.write.1.tlog
C:\Users\Molly\Documents\Visual Studio 2010\Projects\Lab_Three\Lab_Three\Debug\vc100.idb
C:\USERS\MOLLY\DOCUMENTS\VISUAL STUDIO 2010\PROJECTS\LAB_THREE\LAB_THREE\DEBUG\VC100.PDB
