Build started 3/6/2015 2:12:03 PM.
     1>Project "C:\Users\Molly\Documents\Visual Studio 2010\Projects\Lab2\Lab2\Lab2.vcxproj" on node 2 (build target(s)).
     1>InitializeBuildStatus:
         Creating "Debug\Lab2.unsuccessfulbuild" because "AlwaysCreate" was specified.
       ClCompile:
         C:\Program Files (x86)\Microsoft Visual Studio 10.0\VC\bin\CL.exe /c /ZI /nologo /W3 /WX- /Od /Oy- /D _MBCS /Gm /EHsc /RTC1 /MDd /GS /fp:precise /Zc:wchar_t /Zc:forScope /Fo"Debug\\" /Fd"Debug\vc100.pdb" /Gd /TP /analyze- /errorReport:prompt Apothecary.cpp Queue.cpp Stack.cpp
         Stack.cpp
         Queue.cpp
     1>c:\users\molly\documents\visual studio 2010\projects\lab2\lab2\queue.cpp(30): warning C4101: 'iterator' : unreferenced local variable
         Apothecary.cpp
         Generating Code...
       Link:
         C:\Program Files (x86)\Microsoft Visual Studio 10.0\VC\bin\link.exe /ERRORREPORT:PROMPT /OUT:"C:\Users\Molly\Documents\Visual Studio 2010\Projects\Lab2\Debug\Lab2.exe" /NOLOGO kernel32.lib user32.lib gdi32.lib winspool.lib comdlg32.lib advapi32.lib shell32.lib ole32.lib oleaut32.lib uuid.lib odbc32.lib odbccp32.lib /MANIFEST /ManifestFile:"Debug\Lab2.exe.intermediate.manifest" /MANIFESTUAC:"level='asInvoker' uiAccess='false'" /DEBUG /PDB:"C:\Users\Molly\Documents\Visual Studio 2010\Projects\Lab2\Debug\Lab2.pdb" /TLBID:1 /DYNAMICBASE /NXCOMPAT /IMPLIB:"C:\Users\Molly\Documents\Visual Studio 2010\Projects\Lab2\Debug\Lab2.lib" /MACHINE:X86 Debug\Apothecary.obj
         Debug\main.obj
         Debug\Potion.obj
         Debug\Queue.obj
         Debug\Stack.obj
         LINK : C:\Users\Molly\Documents\Visual Studio 2010\Projects\Lab2\Debug\Lab2.exe not found or not built by the last incremental link; performing full link
         Lab2.vcxproj -> C:\Users\Molly\Documents\Visual Studio 2010\Projects\Lab2\Debug\Lab2.exe
       Manifest:
         C:\Program Files (x86)\Microsoft SDKs\Windows\v7.0A\bin\mt.exe /nologo /verbose /outputresource:"C:\Users\Molly\Documents\Visual Studio 2010\Projects\Lab2\Debug\Lab2.exe;#1" /manifest Debug\Lab2.exe.intermediate.manifest
       FinalizeBuildStatus:
         Deleting file "Debug\Lab2.unsuccessfulbuild".
         Touching "Debug\Lab2.lastbuildstate".
     1>Done Building Project "C:\Users\Molly\Documents\Visual Studio 2010\Projects\Lab2\Lab2\Lab2.vcxproj" (build target(s)).

Build succeeded.

Time Elapsed 00:00:03.24
